<?xml version="1.0" encoding="UTF-8" ?>
<testsuite errors="0" failures="0" hostname="YIL-Jhih-Chen" name="Auto.Junit" skipped="0" tests="1" time="0.155" timestamp="2018-01-08T08:58:54">
  <properties>
    <property name="java.vendor" value="Oracle Corporation" />
    <property name="env.USERDOMAIN_ROAMINGPROFILE" value="TUTK" />
    <property name="sun.java.launcher" value="SUN_STANDARD" />
    <property name="eclipse.pdebuild.templates" value="/D:/eclipse/plugins/org.eclipse.pde.build_3.9.100.v20150521-1524/templates/" />
    <property name="sun.management.compiler" value="HotSpot 64-Bit Tiered Compilers" />
    <property name="env.UOIPME_REG_PATH" value="C:\Program Files\Intel Corporation\USB over IP" />
    <property name="env.PROMPT" value="$P$G" />
    <property name="os.name" value="Windows 10" />
    <property name="env.FP_NO_HOST_CHECK" value="NO" />
    <property name="env.C_EM64T_REDIST11" value="C:\Program Files (x86)\Common Files\Intel\Shared Files\cpp\" />
    <property name="sun.boot.class.path" value="C:\Program Files\Java\jre1.8.0_111\lib\resources.jar;C:\Program Files\Java\jre1.8.0_111\lib\rt.jar;C:\Program Files\Java\jre1.8.0_111\lib\sunrsasign.jar;C:\Program Files\Java\jre1.8.0_111\lib\jsse.jar;C:\Program Files\Java\jre1.8.0_111\lib\jce.jar;C:\Program Files\Java\jre1.8.0_111\lib\charsets.jar;C:\Program Files\Java\jre1.8.0_111\lib\jfr.jar;C:\Program Files\Java\jre1.8.0_111\classes" />
    <property name="env.COMPUTERNAME" value="YIL-JHIH-CHEN" />
    <property name="env.CommonProgramW6432" value="C:\Program Files\Common Files" />
    <property name="env.ALLUSERSPROFILE" value="C:\ProgramData" />
    <property name="sun.desktop" value="windows" />
    <property name="java.vm.specification.vendor" value="Oracle Corporation" />
    <property name="ant.home" value="D:\eclipse\plugins\org.apache.ant_1.9.6.v201510161327" />
    <property name="java.runtime.version" value="1.8.0_111-b14" />
    <property name="env.GOPATH" value="C:\work" />
    <property name="env.HOMEPATH" value="\Users\jhih_chen" />
    <property name="user.name" value="Jhih_Chen" />
    <property name="user.language" value="zh" />
    <property name="env.windows_tracing_flags" value="3" />
    <property name="env.TCL_LIBRARY" value="C:\Python35\tcl\tcl8.6" />
    <property name="sun.boot.library.path" value="C:\Program Files\Java\jre1.8.0_111\bin" />
    <property name="ant.project.default-target" value="build" />
    <property name="ant.project.name" value="Zephyr_Excel_Junit" />
    <property name="java.version" value="1.8.0_111" />
    <property name="env.PROCESSOR_IDENTIFIER" value="Intel64 Family 6 Model 61 Stepping 4, GenuineIntel" />
    <property name="user.timezone" value="" />
    <property name="env.asl.log" value="Destination=file" />
    <property name="env.TEMP" value="C:\Users\JHIH_C~1\AppData\Local\Temp" />
    <property name="sun.arch.data.model" value="64" />
    <property name="java.endorsed.dirs" value="C:\Program Files\Java\jre1.8.0_111\lib\endorsed" />
    <property name="sun.cpu.isalist" value="amd64" />
    <property name="env.HOMEDRIVE" value="C:" />
    <property name="sun.jnu.encoding" value="MS950" />
    <property name="file.encoding.pkg" value="sun.io" />
    <property name="ECLIPSE_HOME" value="D:/eclipse/" />
    <property name="file.separator" value="\" />
    <property name="java.specification.name" value="Java Platform API Specification" />
    <property name="java.class.version" value="52.0" />
    <property name="user.country" value="TW" />
    <property name="java.home" value="C:\Program Files\Java\jre1.8.0_111" />
    <property name="env.PSModulePath" value="C:\WINDOWS\system32\WindowsPowerShell\v1.0\Modules\" />
    <property name="env.ANDROID_HOME" value="D:\AppData\Local\Android\android-sdk" />
    <property name="env.APPDATA" value="C:\Users\jhih_chen\AppData\Roaming" />
    <property name="ant.file.Zephyr_Excel_Junit" value="C:\Users\jhih_chen\Desktop\test\Zephyr_Excel_Junit\build.xml" />
    <property name="env.PUBLIC" value="C:\Users\Public" />
    <property name="env.windows_tracing_logfile" value="C:\BVTBin\Tests\installpackage\csilogfile.log" />
    <property name="java.vm.info" value="mixed mode" />
    <property name="env.ComSpec" value="C:\WINDOWS\system32\cmd.exe" />
    <property name="env.OS" value="Windows_NT" />
    <property name="env.CommonProgramFiles" value="C:\Program Files\Common Files" />
    <property name="ant.file" value="C:\Users\jhih_chen\Desktop\test\Zephyr_Excel_Junit\build.xml" />
    <property name="os.version" value="10.0" />
    <property name="env.ProgramW6432" value="C:\Program Files" />
    <property name="env.GOOGLE_DEFAULT_CLIENT_ID" value="no" />
    <property name="path.separator" value=";" />
    <property name="java.vm.version" value="25.111-b14" />
    <property name="user.variant" value="" />
    <property name="env.USERPROFILE" value="C:\Users\jhih_chen" />
    <property name="ant.library.dir" value="D:\eclipse\plugins\org.apache.ant_1.9.6.v201510161327\lib" />
    <property name="junit.output.dir" value="junit" />
    <property name="env.JAVA_HOME" value="C:\Program Files\Java\jdk1.8.0_131" />
    <property name="java.awt.printerjob" value="sun.awt.windows.WPrinterJob" />
    <property name="env.TMP" value="C:\Users\JHIH_C~1\AppData\Local\Temp" />
    <property name="env.FPS_BROWSER_USER_PROFILE_STRING" value="Default" />
    <property name="sun.io.unicode.encoding" value="UnicodeLittle" />
    <property name="awt.toolkit" value="sun.awt.windows.WToolkit" />
    <property name="user.script" value="" />
    <property name="eclipse.pdebuild.scripts" value="/D:/eclipse/plugins/org.eclipse.pde.build_3.9.100.v20150521-1524/scripts/" />
    <property name="env.#envTSLOGsss15296" value="204454480" />
    <property name="user.home" value="C:\Users\jhih_chen" />
    <property name="target" value="1.8" />
    <property name="env.VS140COMNTOOLS" value="C:\Program Files (x86)\Microsoft Visual Studio 14.0\Common7\Tools\" />
    <property name="env.ProgramData" value="C:\ProgramData" />
    <property name="env.SESSIONNAME" value="Console" />
    <property name="env.ProgramFiles(x86)" value="C:\Program Files (x86)" />
    <property name="java.specification.vendor" value="Oracle Corporation" />
    <property name="ant.file.type.Zephyr_Excel_Junit" value="file" />
    <property name="java.library.path" value="C:\Program Files\Java\jre1.8.0_111\bin;C:\WINDOWS\Sun\Java\bin;C:\WINDOWS\system32;C:\WINDOWS;C:/Program Files/Java/jre1.8.0_131/bin/server;C:/Program Files/Java/jre1.8.0_131/bin;C:/Program Files/Java/jre1.8.0_131/lib/amd64;C:\ProgramData\Oracle\Java\javapath;C:\Program Files (x86)\Common Files\Intel\Shared Files\cpp\bin\Intel64;C:\Program Files (x86)\Intel\iCLS Client\;C:\Program Files\Intel\iCLS Client\;C:\WINDOWS\system32;C:\WINDOWS;C:\WINDOWS\System32\Wbem;C:\WINDOWS\System32\WindowsPowerShell\v1.0\;C:\Program Files\Intel\Intel(R) Management Engine Components\DAL;C:\Program Files (x86)\Intel\Intel(R) Management Engine Components\DAL;C:\Program Files\Intel\Intel(R) Management Engine Components\IPT;C:\Program Files (x86)\Intel\Intel(R) Management Engine Components\IPT;C:\Program Files\Intel\WiFi\bin\;C:\Program Files\Common Files\Intel\WirelessCommon\;C:\Program Files\Acer ProShield\;C:\Program Files\Acer ProShield\x86;C:\Program Files (x86)\Acer Proshield\bin\;C:\Program Files\Wave Systems Corp\Wave TSS\bin\;C:\Users\jhih_chen\AppData\Local\Programs\Python\Python36\;C:\Users\jhih_chen\AppData\Local\Programs\Python\Python36\Scripts\;C:\Users\jhih\AppData\Roaming\npm\;D:\AppData\Local\Android\android-sdk\platform-tools\;D:\AppData\Local\Android\android-sdk\tools\;C:\Program Files (x86)\Appium\node_modules\npm\;C:\Program Files (x86)\Windows Live\Shared;C:\Program Files\apache-ant-1.9.7\bin;C:\Program Files\Java\jdk1.8.0_111\bin;C:\Program Files\Java\jre1.8.0_111\bin;D:\AppData\Local\Android\android-sdk\build-tools\25.0.0;C:\Users\jhih_chen\AppData\Local\Programs\Python\Python36\lib\site-packages;C:\apache-ant-1.10.1\bin;C:\Program Files (x86)\Appium\node_modules\appium\bin\;C:\Program Files (x86)\Skype\Phone\;C:\Program Files\Git\bin;C:\Users\jhih_chen\AppData\Local\Continuum\anaconda3;C:\Users\jhih_chen\AppData\Local\Continuum\anaconda3\Library\mingw-w64\bin;C:\Users\jhih_chen\AppData\Local\Continuum\anaconda3\Library\usr\bin;C:\Users\jhih_chen\AppData\Local\Continuum\anaconda3\Library\bin;C:\Users\jhih_chen\AppData\Local\Continuum\anaconda3\Scripts;C:\Users\jhih_chen\AppData\Local\Microsoft\WindowsApps;C:\Program Files\Microsoft VS Code\bin;D:\eclipse;;." />
    <property name="java.vendor.url" value="http://java.oracle.com/" />
    <property name="env.NUMBER_OF_PROCESSORS" value="4" />
    <property name="env.GOOGLE_API_KEY" value="no" />
    <property name="env.USERDNSDOMAIN" value="TUTK.COM" />
    <property name="java.vm.vendor" value="Oracle Corporation" />
    <property name="env.TK_LIBRARY" value="C:\Python35\tcl\tk8.6" />
    <property name="java.runtime.name" value="Java(TM) SE Runtime Environment" />
    <property name="java.class.path" value="C:\Users\jhih_chen\Desktop\test\Zephyr_Excel_Junit\bin;D:\eclipse\plugins\org.junit_4.12.0.v201504281640\junit.jar;D:\eclipse\plugins\org.hamcrest.core_1.3.0.v201303031735.jar;C:\Users\jhih_chen\Desktop\test\Zephyr_Excel_Junit\client-combined-3.4.0-nodeps.jar;C:\Users\jhih_chen\Desktop\test\Zephyr_Excel_Junit\java-client-5.0.0-BETA9.jar;C:\Users\jhih_chen\Desktop\test\Zephyr_Excel_Junit\lib\cglib-nodep-3.2.4.jar;C:\Users\jhih_chen\Desktop\test\Zephyr_Excel_Junit\lib\commons-codec-1.10.jar;C:\Users\jhih_chen\Desktop\test\Zephyr_Excel_Junit\lib\commons-exec-1.3.jar;C:\Users\jhih_chen\Desktop\test\Zephyr_Excel_Junit\lib\commons-io-2.5.jar;C:\Users\jhih_chen\Desktop\test\Zephyr_Excel_Junit\lib\commons-lang3-3.5.jar;C:\Users\jhih_chen\Desktop\test\Zephyr_Excel_Junit\lib\commons-logging-1.2.jar;C:\Users\jhih_chen\Desktop\test\Zephyr_Excel_Junit\lib\cssparser-0.9.22.jar;C:\Users\jhih_chen\Desktop\test\Zephyr_Excel_Junit\lib\gson-2.8.0.jar;C:\Users\jhih_chen\Desktop\test\Zephyr_Excel_Junit\lib\guava-21.0.jar;C:\Users\jhih_chen\Desktop\test\Zephyr_Excel_Junit\lib\hamcrest-core-1.3.jar;C:\Users\jhih_chen\Desktop\test\Zephyr_Excel_Junit\lib\htmlunit-2.26.jar;C:\Users\jhih_chen\Desktop\test\Zephyr_Excel_Junit\lib\htmlunit-core-js-2.26.jar;C:\Users\jhih_chen\Desktop\test\Zephyr_Excel_Junit\lib\htmlunit-driver-2.26.jar;C:\Users\jhih_chen\Desktop\test\Zephyr_Excel_Junit\lib\httpclient-4.5.3.jar;C:\Users\jhih_chen\Desktop\test\Zephyr_Excel_Junit\lib\httpcore-4.4.6.jar;C:\Users\jhih_chen\Desktop\test\Zephyr_Excel_Junit\lib\httpmime-4.5.3.jar;C:\Users\jhih_chen\Desktop\test\Zephyr_Excel_Junit\lib\javax.servlet-api-3.1.0.jar;C:\Users\jhih_chen\Desktop\test\Zephyr_Excel_Junit\lib\jetty-io-9.4.1.v20170120.jar;C:\Users\jhih_chen\Desktop\test\Zephyr_Excel_Junit\lib\jetty-util-9.4.1.v20170120.jar;C:\Users\jhih_chen\Desktop\test\Zephyr_Excel_Junit\lib\jna-4.1.0.jar;C:\Users\jhih_chen\Desktop\test\Zephyr_Excel_Junit\lib\jna-platform-4.1.0.jar;C:\Users\jhih_chen\Desktop\test\Zephyr_Excel_Junit\lib\junit-4.12.jar;C:\Users\jhih_chen\Desktop\test\Zephyr_Excel_Junit\lib\neko-htmlunit-2.25.jar;C:\Users\jhih_chen\Desktop\test\Zephyr_Excel_Junit\lib\phantomjsdriver-1.4.0.jar;C:\Users\jhih_chen\Desktop\test\Zephyr_Excel_Junit\lib\sac-1.3.jar;C:\Users\jhih_chen\Desktop\test\Zephyr_Excel_Junit\lib\serializer-2.7.2.jar;C:\Users\jhih_chen\Desktop\test\Zephyr_Excel_Junit\lib\websocket-api-9.4.3.v20170317.jar;C:\Users\jhih_chen\Desktop\test\Zephyr_Excel_Junit\lib\websocket-client-9.4.3.v20170317.jar;C:\Users\jhih_chen\Desktop\test\Zephyr_Excel_Junit\lib\websocket-common-9.4.3.v20170317.jar;C:\Users\jhih_chen\Desktop\test\Zephyr_Excel_Junit\lib\xalan-2.7.2.jar;C:\Users\jhih_chen\Desktop\test\Zephyr_Excel_Junit\lib\xercesImpl-2.11.0.jar;C:\Users\jhih_chen\Desktop\test\Zephyr_Excel_Junit\lib\xml-apis-1.4.01.jar;C:\Users\jhih_chen\Desktop\test\Zephyr_Excel_Junit\commons-collections4-4.1.jar;C:\Users\jhih_chen\Desktop\test\Zephyr_Excel_Junit\poi-3.16.jar;C:\Users\jhih_chen\Desktop\test\Zephyr_Excel_Junit\poi-examples-3.16.jar;C:\Users\jhih_chen\Desktop\test\Zephyr_Excel_Junit\poi-excelant-3.16.jar;C:\Users\jhih_chen\Desktop\test\Zephyr_Excel_Junit\poi-ooxml-3.16.jar;C:\Users\jhih_chen\Desktop\test\Zephyr_Excel_Junit\poi-ooxml-schemas-3.16.jar;C:\Users\jhih_chen\Desktop\test\Zephyr_Excel_Junit\poi-scratchpad-3.16.jar;C:\Users\jhih_chen\Desktop\test\Zephyr_Excel_Junit\xmlbeans-2.6.0.jar;D:\eclipse\plugins\org.apache.ant_1.9.6.v201510161327\lib\ant-launcher.jar;D:\eclipse\plugins\org.apache.ant_1.9.6.v201510161327\lib\ant.jar;D:\eclipse\plugins\org.apache.ant_1.9.6.v201510161327\lib\ant-junit.jar;D:\eclipse\plugins\org.apache.ant_1.9.6.v201510161327\lib\ant-junit4.jar" />
    <property name="ant.version" value="Apache Ant(TM) version 1.9.6 compiled on June 29 2015" />
    <property name="sun.java.command" value="org.apache.tools.ant.taskdefs.optional.junit.JUnitTestRunner Auto.Junit skipNonTests=false filtertrace=true haltOnError=false haltOnFailure=false formatter=org.apache.tools.ant.taskdefs.optional.junit.OutErrSummaryJUnitResultFormatter showoutput=false outputtoformatters=true logfailedtests=true threadid=0 logtestlistenerevents=false formatter=org.apache.tools.ant.taskdefs.optional.junit.XMLJUnitResultFormatter,C:\Users\jhih_chen\Desktop\test\Zephyr_Excel_Junit\junit\TEST-Auto.Junit.xml crashfile=C:\Users\jhih_chen\Desktop\test\Zephyr_Excel_Junit\junitvmwatcher6522396567303928304.properties propsfile=C:\Users\jhih_chen\Desktop\test\Zephyr_Excel_Junit\junit8602141537238104928.properties" />
    <property name="java.vm.specification.name" value="Java Virtual Machine Specification" />
    <property name="env.windir" value="C:\WINDOWS" />
    <property name="env.LOGONSERVER" value="\\TUTKDCCC" />
    <property name="java.vm.specification.version" value="1.8" />
    <property name="env.PROCESSOR_ARCHITECTURE" value="AMD64" />
    <property name="sun.os.patch.level" value="" />
    <property name="sun.cpu.endian" value="little" />
    <property name="debuglevel" value="source,lines,vars" />
    <property name="env.OneDrive" value="C:\Users\jhih_chen\OneDrive" />
    <property name="env.ProgramFiles" value="C:\Program Files" />
    <property name="env.ANT_HOME" value="D:\eclipse\plugins\org.apache.ant_1.9.6.v201510161327" />
    <property name="env.PROCESSOR_REVISION" value="3d04" />
    <property name="eclipse.pdebuild.home" value="/D:/eclipse/plugins/org.eclipse.pde.build_3.9.100.v20150521-1524/./" />
    <property name="java.io.tmpdir" value="C:\Users\JHIH_C~1\AppData\Local\Temp\" />
    <property name="env.CommonProgramFiles(x86)" value="C:\Program Files (x86)\Common Files" />
    <property name="java.vendor.url.bug" value="http://bugreport.sun.com/bugreport/" />
    <property name="env.SystemRoot" value="C:\WINDOWS" />
    <property name="env.FPS_BROWSER_APP_PROFILE_STRING" value="Internet Explorer" />
    <property name="java.awt.graphicsenv" value="sun.awt.Win32GraphicsEnvironment" />
    <property name="os.arch" value="amd64" />
    <property name="java.ext.dirs" value="C:\Program Files\Java\jre1.8.0_111\lib\ext;C:\WINDOWS\Sun\Java\lib\ext" />
    <property name="env.LOCALAPPDATA" value="C:\Users\jhih_chen\AppData\Local" />
    <property name="user.dir" value="C:\Users\jhih_chen\Desktop\test\Zephyr_Excel_Junit" />
    <property name="line.separator" value="&#xd;&#xa;" />
    <property name="java.vm.name" value="Java HotSpot(TM) 64-Bit Server VM" />
    <property name="env.PATHEXT" value=".COM;.EXE;.BAT;.CMD;.VBS;.VBE;.JS;.JSE;.WSF;.WSH;.MSC;.pyw" />
    <property name="env.Path" value="C:/Program Files/Java/jre1.8.0_131/bin/server;C:/Program Files/Java/jre1.8.0_131/bin;C:/Program Files/Java/jre1.8.0_131/lib/amd64;C:\ProgramData\Oracle\Java\javapath;C:\Program Files (x86)\Common Files\Intel\Shared Files\cpp\bin\Intel64;C:\Program Files (x86)\Intel\iCLS Client\;C:\Program Files\Intel\iCLS Client\;C:\WINDOWS\system32;C:\WINDOWS;C:\WINDOWS\System32\Wbem;C:\WINDOWS\System32\WindowsPowerShell\v1.0\;C:\Program Files\Intel\Intel(R) Management Engine Components\DAL;C:\Program Files (x86)\Intel\Intel(R) Management Engine Components\DAL;C:\Program Files\Intel\Intel(R) Management Engine Components\IPT;C:\Program Files (x86)\Intel\Intel(R) Management Engine Components\IPT;C:\Program Files\Intel\WiFi\bin\;C:\Program Files\Common Files\Intel\WirelessCommon\;C:\Program Files\Acer ProShield\;C:\Program Files\Acer ProShield\x86;C:\Program Files (x86)\Acer Proshield\bin\;C:\Program Files\Wave Systems Corp\Wave TSS\bin\;C:\Users\jhih_chen\AppData\Local\Programs\Python\Python36\;C:\Users\jhih_chen\AppData\Local\Programs\Python\Python36\Scripts\;C:\Users\jhih\AppData\Roaming\npm\;D:\AppData\Local\Android\android-sdk\platform-tools\;D:\AppData\Local\Android\android-sdk\tools\;C:\Program Files (x86)\Appium\node_modules\npm\;C:\Program Files (x86)\Windows Live\Shared;C:\Program Files\apache-ant-1.9.7\bin;C:\Program Files\Java\jdk1.8.0_111\bin;C:\Program Files\Java\jre1.8.0_111\bin;D:\AppData\Local\Android\android-sdk\build-tools\25.0.0;C:\Users\jhih_chen\AppData\Local\Programs\Python\Python36\lib\site-packages;C:\apache-ant-1.10.1\bin;C:\Program Files (x86)\Appium\node_modules\appium\bin\;C:\Program Files (x86)\Skype\Phone\;C:\Program Files\Git\bin;C:\Users\jhih_chen\AppData\Local\Continuum\anaconda3;C:\Users\jhih_chen\AppData\Local\Continuum\anaconda3\Library\mingw-w64\bin;C:\Users\jhih_chen\AppData\Local\Continuum\anaconda3\Library\usr\bin;C:\Users\jhih_chen\AppData\Local\Continuum\anaconda3\Library\bin;C:\Users\jhih_chen\AppData\Local\Continuum\anaconda3\Scripts;C:\Users\jhih_chen\AppData\Local\Microsoft\WindowsApps;C:\Program Files\Microsoft VS Code\bin;D:\eclipse;" />
    <property name="basedir" value="C:\Users\jhih_chen\Desktop\test\Zephyr_Excel_Junit" />
    <property name="ant.java.version" value="1.8" />
    <property name="ant.core.lib" value="D:\eclipse\plugins\org.apache.ant_1.9.6.v201510161327\lib\ant.jar" />
    <property name="env.USERNAME" value="Jhih_Chen" />
    <property name="source" value="1.8" />
    <property name="env.SystemDrive" value="C:" />
    <property name="file.encoding" value="MS950" />
    <property name="env.USERDOMAIN" value="TUTK" />
    <property name="env.GOOGLE_DEFAULT_CLIENT_SECRET" value="no" />
    <property name="java.specification.version" value="1.8" />
    <property name="ant.project.invoked-targets" value="build,Junit,junitreport" />
    <property name="env.PROCESSOR_LEVEL" value="6" />
  </properties>
  <testcase classname="Auto.Junit" name="Case[WiFi]" time="0.0" />
  <system-out><![CDATA[測試設備(UDID/Android Version)
4d00ba0a7fd64003/5.0.1
測試腳本：[[LaunchAPP, WiFi, On, ByXpath_Click, //*[@text='OK'], Byid_Wait, preview, QuitAPP]]

[info] CaseName:|WiFi|
[info] Executing:|LaunchAPP|com.tutk.kalayapp|
[info] Executing:|WiFi|On|
[info] Executing:|ByXpath_Click|//*[@text='OK']|
[info] Executing:|Byid_Wait|preview|
[info] Executing:|QuitAPP|
[Result] WiFi:PASS(1.822 min)

測試結束!!!(109 s)
]]></system-out>
  <system-err><![CDATA[]]></system-err>
</testsuite>
